<?xml version="1.0" encoding="UTF-8"?>
<!-- Generated by org.testng.reporters.JUnitReportReporter -->
<testsuite hostname="Red_Cloud2000" failures="0" tests="8" name="features.f1_auth.LoginTest" time="2.672" errors="0" timestamp="2024-10-13T18:46:04 EEST" skipped="0">
  <testcase classname="features.f1_auth.LoginTest" name="testValidLogin" time="0.406"/>
  <testcase classname="features.f1_auth.LoginTest" name="testInvalidLogin" time="0.361"/>
  <testcase classname="features.f1_auth.LoginTest" name="testEmptyUsername" time="0.320"/>
  <testcase classname="features.f1_auth.LoginTest" name="testEmptyPassword" time="0.303"/>
  <testcase classname="features.f1_auth.LoginTest" name="testLockedOutUser" time="0.382"/>
  <testcase classname="features.f1_auth.LoginTest" name="sqlInjectionOnLogin" time="0.312"/>
  <testcase classname="features.f1_auth.LoginTest" name="caseSensitivityOnUsernamePassword" time="0.409"/>
  <testcase classname="features.f1_auth.LoginTest" name="passwordFieldMasking" time="0.179"/>
</testsuite> <!-- features.f1_auth.LoginTest -->
